[  000000]niializing coup bss cpuset
[    0000] Initializing cgroup subsys cpu
[    0.000000] Initializing cgroup subsys cpuacct
[    0.000000] Linux version 4.4.0-119-generic (buildd@lcy01-amd64-013) (gcc version 5.4.0 20160609 (Ubuntu 5.4.0-6ubuntu1~16.04.9) ) #143-Ubuntu SMP Mon Apr 2 16:08:24 UTC 2018 (Ubuntu 4.4.0-119.143-generic 4.4.114)
[    0.000000] Command line: BOOT_IMAGE=/boot/vmlinuz-4.4.0-119-generic root=LABEL=cloudimg-rootfs ro console=tty1 console=ttyS0
[    0.000000] KERNEL supported cpus:
[    0.000000]   Intel GenuineIntel
[    0.000000]   AMD AuthenticAMD
[    0.000000]   Centaur CentaurHauls
[    0.000000] x86/fpu: xstate_offset[2]:  576, xstate_sizes[2]:  256
[    0.000000] x86/fpu: Supporting XSAVE feature 0x01: 'x87 floating point registers'
[    0.000000] x86/fpu: Supporting XSAVE feature 0x02: 'SSE registers'
[    0.000000] x86/fpu: Supporting XSAVE feature 0x04: 'AVX registers'
[    0.000000] x86/fpu: Enabled xstate features 0x7, context size is 832 bytes, using 'standard' format.
[    0.000000] x86/fpu: Using 'lazy' FPU context switches.
[    0.000000] e820: BIOS-provided physical RAM map:
[    0.000000] BIOS-e820: [mem 0x0000000000000000-0x000000000009fbff] usable
[    0.000000] BIOS-e820: [mem 0x000000000009fc00-0x000000000009ffff] reserved
[    0.000000] BIOS-e820: [mem 0x00000000000f0000-0x00000000000fffff] reserved
[    0.000000] BIOS-e820: [mem 0x0000000000100000-0x00000000bffeffff] usable
[    0.000000] BIOS-e820: [mem 0x00000000bfff0000-0x00000000bfffffff] ACPI data
[    0.000000] BIOS-e820: [mm 00000000fec00000-0x00000000fec00fff] reserved
[    0.000000] BIOS-e820: [mem 0x0000000fee00000-0x00000000fee00fff] reserved
[    0.000000] BIOS-e820: [mem 0x00000000fffc0000-0x00000000ffffffff] reserved
[    0.000000] NX (Execute Disable) protection: active
[    0.000000] SMBIOS 2.5 present.
[    0.000000] Hypervisor detected: KVM
[    0.000000] e820: last_pfn = 0xbfff0 max_arch_pfn = 0x400000000
[    0.000000] MTRR: Disabled
[    0.000000] x86/PAT: MTRRs disabled, skipping PAT initialization too.
[    0.000000] CPU MTRRs all blank - virtualized system.
[    0.000000] x86/PAT: Configuration [0-7]: WB  WT  UC- UC  WB  WT  UC- UC  
[    0.000000] found SMP MP-table at [mem 0x0009fff0-0x0009ffff] mapped at [ffff88000009fff0]
[    0.000000] Scanning 1 areas for low memory corruption
[    0.000000] RAMDISK: [mem 0x36aa4000-0x37549fff]
[    0.000000] ACPI: Early table checksum verification disabled
[    0.000000] ACPI: RSDP 0x00000000000E0000 000024 (v02 VBOX  )
[    0.000000] ACPI: XSDT 0x00000000BFFF0030 00003C (v01 VBOX   VBOXXSDT 00000001 ASL  00000061)
[    0.000000] ACPI: FACP 0x00000000BFFF00F0 0000F4 (v04 VBOX   VBOXFACP 00000001 ASL  00000061)
[    0.000000] ACPI: DSDT 0x00000000BFFF0470 0021FF (v02 VBOX   VBOXBIOS 00000002 INTL 20160108)
[    0.000000] ACPI: FACS 0x00000000BFFF0200 000040
[    0.000000] ACPI: FACS 0x00000000BFFF0200 000040
[    0.000000] ACPI: APIC 0x00000000BFFF0240 00005C (v02 VBOX   VBOXAPIC 00000001 ASL  00000061)
[    0.000000] ACPI: SSDT 0x00000000BFFF02A0 0001CC (v01 VBOX   VBOXCPUT 00000002 INTL 20160108)
[    0.000000] No NUMA configuration found
[    0.000000] Faking a node at [mem 0x0000000000000000-0x00000000bffeffff]
[    0.000000] NODE_DATA(0) allocated [mem 0xbffeb000-0xbffeffff]
[    0.000000] kvm-clock: Using msrs 4b564d01 and 4b564d00
[    0.000000] kvm-clock: cpu 0, msr 0:bffe3001, primary cpu clock
[    0.000000] kvm-clock: using sched offset of 3336948791 cycles
[    0.000000] clocksource: kvm-clock: mask: 0xffffffffffffffff max_cycles: 0x1cd42e4dffb, max_idle_ns: 881590591483 ns
[    0.000000] Zone ranges:
[    0.000000]   DMA      [mem 0x0000000000001000-0x0000000000ffffff]
[    0.000000]   DMA32    [mem 0x0000000001000000-0x00000000bffeffff]
[    0.000000]   Normal   empty
[    0.000000]   Device   empty
[    0.000000] Movable zone start for each node
[    0.000000] Early memory node ranges
[    0.000000]   node   0: [mem 0x0000000000001000-0x000000000009efff]
[    0.000000]   node   0: [mem 0x0000000000100000-0x00000000bffeffff]
[    0.000000] Initmem setup node 0 [mem 0x0000000000001000-0x00000000bffeffff]
[    0.000000] ACPI: PM-Timer IO Port: 0x4008
[    0.000000] IOAPIC[0]: apic_id 2, version 32, address 0xfec00000, GSI 0-23
[    0.000000] ACPI: INT_SRC_OVR (bus 0 bus_irq 0 global_irq 2 dfl dfl)
[    0.000000] ACPI: INT_SRC_OVR (bus 0 bus_irq 9 global_irq 9 low level)
[    0.000000] Using ACPI (MADT) for SMP configuration information
[    0.000000] smpboot: Allowing 2 CPUs, 0 hotplug CPUs
[    0.000000] PM: Registered nosave memory: [mem 0x00000000-0x00000fff]
[    0.000000] PM: Registered nosave memory: [mem 0x0009f000-0x0009ffff]
[    0.000000] PM: Registered nosave memory: [mem 0x000a0000-0x000effff]
[    0.000000] PM: Registered nosave memory: [mem 0x000f0000-0x000fffff]
[    0.000000] e820: [mem 0xc0000000-0xfebfffff] available for PCI devices
[    0.000000] Booting paravirtualized kernel on KVM
[    0.000000] clocksource: refined-jiffies: mask: 0xffffffff max_cycles: 0xffffffff, max_idle_ns: 7645519600211568 ns
[    0.000000] setup_percpu: NR_CPUS:512 nr_cpumask_bits:512 nr_cpu_ids:2 nr_node_ids:1
[    0.000000] PERCPU: Embedded 34 pages/cpu @ffff8800bfa00000 s99544 r8192 d31528 u1048576
[    0.000000] PV qspinlock hash table entries: 256 (order: 0, 4096 bytes)
[    0.000000] Built 1 zonelists in Node order, mobility grouping on.  Total pages: 774008
[    0.000000] Policy zone: DMA32
[    0.000000] Kernel command line: BOOT_IMAGE=/boot/vmlinuz-4.4.0-119-generic root=LABEL=cloudimg-rootfs ro console=tty1 console=ttyS0
[    0.000000] PID hash table entries: 4096 (order: 3, 32768 bytes)
[    0.000000] Memory: 3066008K/3145272K available (8532K kernel code, 1313K rwdata, 3996K rodata, 1508K init, 1316K bss, 79264K reserved, 0K cma-reserved)
[    0.000000] SLUB: HWalign=64, Order=0-3, MinObjects=0, CPUs=2, Nodes=1
[    0.000000] Kernel/User page tables isolation: enabled
[    0.000000] Hierarchical RCU implementation.
[    0.000000] 	Build-time adjustment of leaf fanout to 64.
[    0.000000] 	RCU restricting CPUs from NR_CPUS=512 to nr_cpu_ids=2.
[    0.000000] RCU: Adjusting geometry for rcu_fanout_leaf=64, nr_cpu_ids=2
[    0.000000] NR_IRQS:33024 nr_irqs:440 16
[    0.000000] Console: colour VGA+ 80x25
[    0.000000] console [tty1] enabled
[    0.000000] console [ttyS0] enabled
[    0.000000] tsc: Detected 2399.998 MHz processor
[    1.169383] Calibrating delay loop (skipped) preset value.. 4799.99 BogoMIPS (lpj=9599992)
[    1.171029] pid_max: default: 32768 minimum: 301
[    1.171916] ACPI: Core revision 20150930
[    1.173822] ACPI: 2 ACPI AML tables successfully acquired and loaded
[    1.175110] Security Framework initialized
[    1.175923] Yama: becoming mindful.
[    1.184704] AppArmor: AppArmor initialized
[    1.186289] Dentry cache hash table entries: 524288 (order: 10, 4194304 bytes)
[    1.190273] Inode-cache hash table entries: 262144 (order: 9, 2097152 bytes)
[    1.193329] Mount-cache hash table entries: 8192 (order: 4, 65536 bytes)
[    1.194601] Mountpoint-cache hash table entries: 8192 (order: 4, 65536 bytes)
[    1.196433] Initializing cgroup subsys io
[    1.204400] Initializing cgroup subsys memory
[    1.205294] Initializing cgroup subsys devices
[    1.206157] Initializing cgroup subsys freezer
[    1.207020] Initializing cgroup subsys net_cls
[    1.207928] Initializing cgroup subsys perf_event
[    1.208862] Initializing cgroup subsys net_prio
[    1.209768] Initializing cgroup subsys hugetlb
[    1.210630] Initializing cgroup subsys pids
[    1.211539] CPU: Physical Processor ID: 0
[    1.212420] CPU: Processor Core ID: 0
[    1.213239] FEATURE SPEC_CTRL Not Present
[    1.215238] mce: CPU supports 0 MCE banks
[    1.216102] Last level iTLB entries: 4KB 64, 2MB 8, 4MB 8
[    1.217135] Last level dTLB entries: 4KB 64, 2MB 0, 4MB 0, 1GB 4
[    1.218209] Spectre V2 mitigation: Mitigation: Full generic retpoline
[    1.219342] Spectre V2 mitigation: Speculation control IBPB not-supported IBRS not-supported
[    1.220788] Spectre V2 mitigation: Filling RSB on context switch
[    1.227826] Freeing SMP alternatives memory: 32K
[    1.237282] ftrace: allocating 32195 entries in 126 pages
[    1.298980] smpboot: APIC(0) Converting physical 0 to logical package 0
[    1.301351] smpboot: Max logical packages: 1
[    1.302457] x2apic enabled
[    1.303315] Switched APIC routing to physical x2apic.
[    1.310814] ..TIMER: vector=0x30 apic1=0 pin1=2 apic2=-1 pin2=-1
[    1.415834] smpboot: CPU0: Intel(R) Core(TM) i5-6200U CPU @ 2.30GHz (family: 0x6, model: 0x4e, stepping: 0x3)
[    1.423160] Performance Events: unsupported p6 CPU model 78 no PMU driver, software events only.
[    1.429106] KVM setup paravirtual spinlock
[    1.430625] x86: Booting SMP configuration:
[    1.431419] .... node  #0, CPUs:      #1
[    1.432284] kvm-clock: cpu 1, msr 0:bffe3041, secondary cpu clock
[    1.434490] mce: CPU supports 0 MCE banks
[    1.437087] x86: Booted up 1 node, 2 CPUs
[    1.439136] smpboot: Total of 2 processors activated (9599.99 BogoMIPS)
[    1.441336] devtmpfs: initialized
[    1.443652] evm: security.selinux
[    1.444355] evm: security.SMACK64
[    1.445050] evm: security.SMACK64EXEC
[    1.445767] evm: security.SMACK64TRANSMUTE
[    1.446537] evm: security.SMACK64MMAP
[    1.447257] evm: security.ima
[    1.447887] evm: security.capability
[    1.448791] clocksource: jiffies: mask: 0xffffffff max_cycles: 0xffffffff, max_idle_ns: 7645041785100000 ns
[    1.450485] futex hash table entries: 512 (order: 3, 32768 bytes)
[    1.451633] pinctrl core: initialized pinctrl subsystem
[    1.485272] RTC time: 11:48:03, date: 04/20/18
[    1.502935] NET: Registered protocol family 16
[    1.516333] cpuidle: using governor ladder
[    1.531858] cpuidle: using governor menu
[    1.544272] PCCT header not found.
[    1.545173] ACPI: bus type PCI registered
[    1.546004] acpiphp: ACPI Hot Plug PCI Controller Driver version: 0.5
[    1.547281] PCI: Using configuration type 1 for base access
[    1.561227] ACPI: Added _OSI(Module Device)
[    1.567399] ACPI: Added _OSI(Processor Device)
[    1.568300] ACPI: Added _OSI(3.0 _SCP Extensions)
[    1.569264] ACPI: Added _OSI(Processor Aggregator Device)
[    1.571064] ACPI: Executed 1 blocks of module-level executable AML code
[    1.574638] ACPI: Interpreter enabled
[    1.576636] ACPI: (supports S0 S5)
[    1.577428] ACPI: Using IOAPIC for interrupt routing
[    1.578524] PCI: Using host bridge windows from ACPI; if necessary, use "pci=nocrs" and report a bug
[    1.583831] ACPI: PCI Root Bridge [PCI0] (domain 0000 [bus 00-ff])
[    1.593181] acpi PNP0A03:00: _OSC: OS supports [ASPM ClockPM Segments MSI]
[    1.594487] acpi PNP0A03:00: _OSC: not requesting OS control; OS requires [ExtendedConfig ASPM ClockPM MSI]
[    1.596371] acpi PNP0A03:00: fail to add MMCONFIG information, can't access extended PCI configuration space under this bridge.
[    1.598740] PCI host bridge to bus 0000:00
[    1.599581] pci_bus 0000:00: root bus resource [io  0x0000-0x0cf7 window]
[    1.600857] pci_bus 0000:00: root bus resource [io  0x0d00-0xffff window]
[    1.602203] pci_bus 0000:00: root bus resource [mem 0x000a0000-0x000bffff window]
[    1.603771] pci_bus 0000:00: root bus resource [mem 0xc0000000-0xfdffffff window]
[    1.605441] pci_bus 0000:00: root bus resource [bus 00-ff]
[    1.607833] pci 0000:00:01.1: legacy IDE quirk: reg 0x10: [io  0x01f0-0x01f7]
[    1.618970] pci 0000:00:01.1: legacy IDE quirk: reg 0x14: [io  0x03f6]
[    1.621347] pci 0000:00:01.1: legacy IDE quirk: reg 0x18: [io  0x0170-0x0177]
[    1.622604] pci 0000:00:01.1: legacy IDE quirk: reg 0x1c: [io  0x0376]
[    1.657592] pci 0000:00:07.0: quirk: [io  0x4000-0x403f] claimed by PIIX4 ACPI
[    1.688765] pci 0000:00:07.0: quirk: [io  0x4100-0x410f] claimed by PIIX4 SMB
[    1.739095] ACPI: PCI Interrupt Link [LNKA] (IRQs 5 9 10 *11)
[    1.749959] ACPI: PCI Interrupt Link [LNKB] (IRQs 5 9 *10 11)
[    1.751482] ACPI: PCI Interrupt Link [LNKC] (IRQs 5 *9 10 11)
[    1.753050] ACPI: PCI Interrupt Link [LNKD] (IRQs 5 9 10 *11)
[    1.757722] ACPI: Enabled 2 GPEs in block 00 to 07
[    1.759128] vgaarb: setting as boot device: PCI:0000:00:02.0
[    1.760187] vgaarb: device added: PCI:0000:00:02.0,decodes=io+mem,owns=io+mem,locks=none
[    1.761928] vgaarb: loaded
[    1.762568] vgaarb: bridge control possible 0000:00:02.0
[    1.763949] SCSI subsystem initialized
[    1.764993] ACPI: bus type USB registered
[    1.766982] usbcore: registered new interface driver usbfs
[    1.768076] usbcore: registered new interface driver hub
[    1.769169] usbcore: registered new device driver usb
[    1.770478] PCI: Using ACPI for IRQ routing
[    1.771599] NetLabel: Initializing
[    1.772390] NetLabel:  domain hash size = 128
[    1.773311] NetLabel:  protocols = UNLABELED CIPSOv4
[    1.813429] NetLabel:  unlabeled traffic allowed by default
[    1.873933] amd_nb: Cannot enumerate AMD northbridges
[    1.929121] clocksource: Switched to clocksource kvm-clock
[    2.043114] AppArmor: AppAror FilesyteEnle
[  2324]npPnACI init
  2.46] p:nPCP fnd dic

[    3.234668] clocksource: acpi_pm: mask: 0xffffff max_cycles: 0xffffff, max_idle_ns: 2085701024 ns
[    3.237908] NET: Registered protocol family 2
[    3.239198] TCP established hash table entries: 32768 (order: 6, 262144 bytes)
[    3.264397] TCP bind hash table entries: 32768 (order: 7, 524288 bytes)
[    3.266083] TCP: Hash tables configured (established 32768 bind 32768)
[    3.269850] UDP hash table entries: 2048 (order: 4, 65536 bytes)
[    3.270974] UDP-Lite hash table entries: 2048 (order: 4, 65536 bytes)
[    3.272166] NET: Registered protocol family 1
[    3.273074] pci 0000:00:00.0: Limiting direct PCI/PCI transfers
[    3.274273] pci 0000:00:01.0: Activating ISA DMA hang workarounds
[    3.275488] Unpacking initramfs...
[    5.186748] Freeing initrd memory: 10904K
[    5.374582] platform rtc_cmos: registered platform RTC device (no PNP device found)
[    5.414658] Scanning for low memory corruption every 60 seconds
[    5.420619] audit: initializing netlink subsys (disabled)
[    5.421608] audit: type=2000 audit(1524224890.671:1): initialized
[    5.422893] Initialise system trusted keyring
[    5.423882] HugeTLB registered 2 MB page size, pre-allocated 0 pages
[    5.439384] zbud: loaded
[    5.440458] VFS: Disk quotas dquot_6.6.0
[    5.441334] VFS: Dquot-cache hash table entries: 512 (order 0, 4096 bytes)
[    5.442833] squashfs: version 4.0 (2009/01/31) Phillip Lougher
[    5.444262] fuse init (API version 7.23)
[    5.445223] Key type big_key registered
[    5.446125] Allocating IMA MOK and blacklist keyrings.
[    5.448400] Key type asymmetric registered
[    5.449260] Asymmetric key parser 'x509' registered
[    5.450274] Block layer SCSI generic (bsg) driver version 0.4 loaded (major 249)
[    5.451826] io scheduler noop registered
[    5.452632] io scheduler deadline registered (default)
[    5.464554] io scheduler cfq registered
[    5.465496] pci_hotplug: PCI Hot Plug PCI Core version: 0.5
[    5.466554] pciehp: PCI Express Hot Plug Controller Driver version: 0.4
[    5.467826] ACPI: AC Adapter [AC] (on-line)
[    5.468704] input: Power Button as /devices/LNXSYSTM:00/LNXPWRBN:00/input/input0
[    5.470265] ACPI: Power Button [PWRF]
[    5.471075] input: Sleep Button as /devices/LNXSYSTM:00/LNXSLPBN:00/input/input1
[    5.472557] ACPI: Sleep Button [SLPF]
[    5.473656] GHES: HEST is not enabled!
[    5.474279] ACPI: Battery Slot [BAT0] (battery present)
[    5.475538] Serial: 8250/16550 driver, 32 ports, IRQ sharing enabled
[    5.498539] 00:02: ttyS0 at I/O 0x3f8 (irq = 4, base_baud = 115200) is a 16550A
[    5.505449] Linux agpgart interface v0.103
[    5.515499] loop: module loaded
[    5.519974] scsi host0: ata_piix
[    5.520951] scsi host1: ata_piix
[    5.522865] ata1: PATA max UDMA/33 cmd 0x1f0 ctl 0x3f6 bmdma 0xd000 irq 14
[    5.524197] ata2: PATA max UDMA/33 cmd 0x170 ctl 0x376 bmdma 0xd008 irq 15
[    5.525649] libphy: Fixed MDIO Bus: probed
[    5.526518] tun: Universal TUN/TAP device driver, 1.6
[    5.534240] tun: (C) 1999-2004 Max Krasnyansky <maxk@qualcomm.com>
[    5.535426] PPP generic driver version 2.4.2
[    5.536380] ehci_hcd: USB 2.0 'Enhanced' Host Controller (EHCI) Driver
[    5.594214] ehci-pci: EHCI PCI platform driver
[    5.595054] ehci-platform: EHCI generic platform driver
[    5.595978] ohci_hcd: USB 1.1 'Open' Host Controller (OHCI) Driver
[    5.597015] ohci-pci: OHCI PCI platform driver
[    5.597854] ohci-platform: OHCI generic platform driver
[    5.598768] uhci_hcd: USB Universal Host Controller Interface driver
[    5.599888] i8042: PNP: PS/2 Controller [PNP0303:PS2K,PNP0f03:PS2M] at 0x60,0x64 irq 1,12
[    5.601849] serio: i8042 KBD port at 0x60,0x64 irq 1
[    5.606980] serio: i8042 AUX port at 0x60,0x64 irq 12
[    5.608006] mousedev: PS/2 mouse device common for all mice
[    5.609454] input: AT Translated Set 2 keyboard as /devices/platform/i8042/serio0/input/input2
[    5.624633] rtc_cmos rtc_cmos: rtc core: registered rtc_cmos as rtc0
[    5.625974] rtc_cmos rtc_cmos: alarms up to one day, 114 bytes nvram
[    5.627198] i2c /dev entries driver
[    5.628043] device-mapper: uevent: version 1.0.3
[    5.629118] device-mapper: ioctl: 4.34.0-ioctl (2015-10-28) initialised: dm-devel@redhat.com
[    5.630976] ledtrig-cpu: registered to indicate activity on CPUs
[    5.632633] NET: Registered protocol family 10
[    5.633783] NET: Registered protocol family 17
[    5.634724] Key type dns_resolver registered
[    5.636272] registered taskstats version 1
[    5.637202] Loading compiled-in X.509 certificates
[    5.638848] Loaded X.509 cert 'Build time autogenerated kernel key: f854e06633b5f496ced5b2e02c7b14f761b69302'
[    5.640838] zswap: loaded using pool lzo/zbud
[    5.644072] Key type trusted registered
[    5.662752] Key type encrypted registered
[    5.678992] AppArmor: AppArmor sha1 policy hashing enabled
[    5.680080] ima: No TPM chip found, activating TPM-bypass!
[    5.681433] evm: HMAC attrs: 0x1
[    5.682505]   Magic number: 14:443:833
[    5.683447] rtc_cmos rtc_cmos: setting system clock to 2018-04-20 11:48:08 UTC (1524224888)
[    5.685423] BIOS EDD facility v0.16 2004-Jun-25, 0 devices found
[    5.690290] EDD information not available.
[    5.692473] Freeing unused kernel memory: 1508K
[    5.699192] Write protecting the kernel read-only data: 14336k
[    5.700925] Freeing unused kernel memory: 1696K
[    5.702208] Freeing unused kernel memory: 100K
Loading, please wait...
starting version[    5.718415] random: systemd-udevd: uninitialized urandom read (16 bytes read, 3 bits of entropy available)
 229
[    5.719055] random: udevadm: uninitialized urandom read (16 bytes read, 3 bits of entropy available)
[    5.719081] random: udevadm: uninitialized urandom read (16 bytes read, 3 bits of entropy available)
[    5.731506] random: udevadm: uninitialized urandom read (16 bytes read, 3 bits of entropy available)
[    5.731564] random: udevadm: uninitialized urandom read (16 bytes read, 3 bits of entropy available)
[    5.731771] random: udevadm: uninitialized urandom read (16 bytes read, 3 bits of entropy available)
[    5.731849] random: udevadm: uninitialized urandom read (16 bytes read, 3 bits of entropy available)
[    5.731923] random: udevadm: uninitialized urandom read (16 bytes read, 3 bits of entropy available)
[    5.732000] random: udevadm: uninitialized urandom read (16 bytes read, 3 bits of entropy available)
[    5.732073] random: udevadm: uninitialized urandom read (16 bytes read, 3 bits of entropy available)
[    6.104679] e1000: Intel(R) PRO/1000 Network Driver - version 7.3.21-k8-NAPI
[    6.117478] e1000: Copyright (c) 1999-2006 Intel Corporation.
[    6.138615] Fusion MPT base driver 3.04.20
[    6.154320] Copyright (c) 1999-2008 LSI Corporation
[    6.157798] AVX2 version of gcm_enc/dec engaged.
[    6.373838] AES CTR mode by8 optimization enabled
[    6.375982] input: ImExPS/2 Generic Explorer Mouse as /devices/platform/i8042/serio1/input/input4
[    6.483520] tsc: Refined TSC clocksource calibration: 2400.912 MHz
[    6.483529] clocksource: tsc: mask: 0xffffffffffffffff max_cycles: 0x229b9527831, max_idle_ns: 440795280026 ns
[    6.596606] Fusion MPT SPI Host driver 3.04.20
[    6.917612] e1000 0000:00:03.0 eth0: (PCI:33MHz:32-bit) 02:39:99:10:d1:5e
[    6.947233] e1000 0000:00:03.0 eth0: Intel(R) PRO/1000 Network Connection
[    7.285178] e1000 0000:00:08.0 eth1: (PCI:33MHz:32-bit) 08:00:27:d3:1d:c8
[    7.313914] e1000 0000:00:08.0 eth1: Intel(R) PRO/1000 Network Connection
[    7.317048] e1000 0000:00:03.0 enp0s3: renamed from eth0
[    7.417918] mptbase: ioc0: Initiating bringup
[    7.533551] e1000 0000:00:08.0 enp0s8: renamed from eth1
[    7.603933] ioc0: LSI53C1030 A0: Capabilities={Initiator}
[    8.487734] scsi host2: ioc0: LSI53C1030 A0, FwRev=00000000h, Ports=1, MaxQ=256, IRQ=20
[    8.734548] scsi 2:0:0:0: Direct-Access     VBOX     HARDDISK         1.0  PQ: 0 ANSI: 5
[    8.824151] scsi target2:0:0: Beginning Domain Validation
[    8.889629] scsi target2:0:0: Domain Validation skipping write tests
[    9.118060] scsi target2:0:0: Ending Domain Validation
[    9.128777] scsi target2:0:0: asynchronous
[    9.145915] floppy0: no floppy controllers found
[    9.152524] scsi 2:0:1:0: Direct-Access     VBOX     HARDDISK         1.0  PQ: 0 ANSI: 5
[    9.154340] scsi target2:0:1: Beginning Domain Validation
[    9.198770] scsi target2:0:1: Domain Validation skipping write tests
[    9.262747] scsi target2:0:1: Ending Domain Validation
[    9.318791] scsi target2:0:1: asynchronous
[    9.324874] sd 2:0:0:0: Attached scsi generic sg0 type 0
[    9.335442] sd 2:0:1:0: [sdb] 20480 512-byte logical blocks: (10.5 MB/10.0 MiB)
[    9.335566] sd 2:0:0:0: [sda] 20971520 512-byte logical blocks: (10.7 GB/10.0 GiB)
[    9.339867] sd 2:0:1:0: [sdb] Write Protect is off
[    9.340902] sd 2:0:1:0: Attached scsi generic sg1 type 0
[    9.342127] sd 2:0:1:0: [sdb] Incomplete mode parameter data
[    9.342161] sd 2:0:0:0: [sda] Write Protect is off
[    9.357760] sd 2:0:1:0: [sdb] Assuming drive ccche: write through
[    9.423060] sd 2:0:0:0: [sda] Incomplete mode parameter data
[    9.428198] sd 2:0:0:0: [sda] Assuming drive cache: write through
[    9.454846]  sda: sda1
[    9.564711] sd 2:0:0:0: [sda] Attached SCSI disk
[    9.602825] sd 2:0:1:0: [sdb] Attached SCSI disk
Begin: Loading e[   11.044335] md: linear personality registered for level -1
ssential drivers[   11.120684] md: multipath personality registered for level -4
 ... [   11.201692] md: raid0 personality registered for level 0
[   11.290120] md: raid1 personality registered for level 1
[   11.425183] raid6: sse2x1   gen()  9159 MB/s
[   11.497195] raid6: sse2x1   xor()  6775 MB/s
[   11.617198] raid6: sse2x2   gen() 11198 MB/s
[   11.733201] raid6: sse2x2   xor()  7774 MB/s
[   11.805195] raid6: sse2x4   gen() 11908 MB/s
[   11.881091] raid6: sse2x4   xor()  7723 MB/s
[   11.949192] raid6: avx2x1   gen() 16324 MB/s
[   12.049148] raid6: avx2x2   gen() 17403 MB/s
[   12.121155] raid6: avx2x4   gen() 18859 MB/s
[   12.134554] raid6: using algorithm avx2x4 gen() 18859 MB/s
[   12.135610] raid6: using avx2x2 recovery algorithm
[   12.137936] xor: automatically using best checksumming function:
[   12.193340]    avx       : 43992.000 MB/sec
[   12.235518] async_tx: api initialized (async)
[   12.244633] md: raid6 personality registered for level 6
[   12.250987] md: raid5 personality registered for level 5
[   12.251977] md: raid4 personality registered for level 4
[   12.259240] md: raid10 personality registered for level 10
done.
Begin: Running /scripts/init-pre[   12.296075] Btrfs loaded
mount ... done.
Begin: Mounting root file system ... Begin: Running /scripts/local-top ... done.
Begin: Running /scripts/local-premount ... Scanning for Btrfs filesystems
done.
Warning: fsck no[   12.380090] EXT4-fs (sda1): INFO: recovery required on readonly filesystem
t present, so skipping root file system
[   12.460115] EXT4-fs (sda1): write access will be enabled during recovery
[   12.547881] EXT4-fs (sda1): orphan cleanup on readonly fs
[   12.581906] EXT4-fs (sda1): 2 orphan inodes deleted
[   12.586039] EXT4-fs (sda1): recovery complete
[   12.590716] EXT4-fs (sda1): mounted filesystem with ordered data mode. Opts: (null)
done.
Begin: Running /scripts/local-bottom ... done.
Begin: Running /scripts/init-bottom ... done.
[   13.162061] random: nonblocking pool is initialized
[   13.311212] systemd[1]: systemd 229 running in system mode. (+PAM +AUDIT +SELINUX +IMA +APPARMOR +SMACK +SYSVINIT +UTMP +LIBCRYPTSETUP +GCRYPT +GNUTLS +ACL +XZ -LZ4 +SECCOMP +BLKID +ELFUTILS +KMOD -IDN)
[   13.327527] systemd[1]: Detected virtualization oracle.
[   13.331791] systemd[1]: Detected architecture x86-64.

Welcome to [1mUbuntu 16.04.4 LTS[0m!

[   13.383784] systemd[1]: Set hostname to <ubuntu2>.
[   14.597774] systemd[1]: Listening on udev Control Socket.
[[0;32m  OK  [0m] Listening on udev Control Socket.
[   14.645965] systemd[1]: Listening on Journal Socket (/dev/log).
[[0;32m  OK  [0m] Listening on Journal Socket (/dev/log).
[   14.745784] systemd[1]: Listening on LVM2 poll daemon socket.
[[0;32m  OK  [0m] Listening on LVM2 poll daemon socket.
[   14.817489] systemd[1]: Reached target Swap.
[[0;32m  OK  [0m] Reached target Swap.
[   14.836288] systemd[1]: Set up automount Arbitrary Executable File Formats File System Automount Point.
[[0;32m  OK  [0m] Set up automount Arbitrary Executab...ats File System Automount Point.
[   14.909632] systemd[1]: Created slice User and Session Slice.
[[0;32m  OK  [0m] Created slice User and Session Slice.
[   14.945429] systemd[1]: Listening on Device-mapper event daemon FIFOs.
[[0;32m  OK  [0m] Listening on Device-mapper event daemon FIFOs.
[   15.025297] systemd[1]: Listening on Journal Socket.
[[0;32m  OK  [0m] Listening on Journal Socket.
[   15.027002] systemd[1]: Listening on Syslog Socket.
[[0;32m  OK  [0m] Listening on Syslog Socket.
[   15.028642] systemd[1]: Reached target User and Group Name Lookups.
[[0;32m  OK  [0m] Reached target User and Group Name Lookups.
[   15.032870] systemd[1]: Listening on udev Kernel Socket.
[[0;32m  OK  [0m] Listening on udev Kernel Socket.
[   15.045924] systemd[1]: Started Forward Password Requests to Wall Directory Watch.
[[0;32m  OK  [0m] Started Forward Password Requests to Wall Directory Watch.
[   15.061757] systemd[1]: Reached target Encrypted Volumes.
[[0;32m  OK  [0m] Reached target Encrypted Volumes.
[   15.074917] systemd[1]: Started Trigger resolvconf update for networkd DNS.
[[0;32m  OK  [0m] Started Trigger resolvconf update for networkd DNS.
[   15.077128] systemd[1]: Reached target System Time Synchronized.
[[0;32m  OK  [0m] Reached target System Time Synchronized.
[   15.089407] systemd[1]: Listening on LVM2 metadata daemon socket.
[[0;32m  OK  [0m] Listening on LVM2 metadata daemon socket.
[   15.092582] systemd[1]: Listening on Journal Audit Socket.
[[0;32m  OK  [0m] Listening on Journal Audit Socket.
[   15.098808] systemd[1]: Listening on /dev/initctl Compatibility Named Pipe.
[[0;32m  OK  [0m] Listening on /dev/initctl Compatibility Named Pipe.
[   15.146799] systemd[1]: Created slice System Slice.
[[0;32m  OK  [0m] Created slice System Slice.
[   15.148560] systemd[1]: Reached target Slices.
[[0;32m  OK  [0m] Reached target Slices.
[   15.177534] systemd[1]: Starting Journal Service...
         Starting Journal Service...
[   15.185902] systemd[1]: Starting Set console keymap...
         Starting Set console keymap...
[   15.236599] systemd[1]: Starting Create list of required static device nodes for the current kernel...
         Starting Create list of required st... nodes for the current kernel...
[   15.244567] systemd[1]: Starting Monitoring of LVM2 mirrors, snapshots etc. using dmeventd or progress polling...
         Starting Monitoring of LVM2 mirrors... dmeventd or progress polling...
[   15.309136] systemd[1]: Starting Remount Root and Kernel File Systems...
         Starting Remount Root and Kernel File Systems...
[   15.355750] systemd[1]: Starting Uncomplicated firewall...
         Starting Uncomplicated firewall...
[   15.374709] systemd[1]: Mounting POSIX Message Queue File System...
[   15.384169] EXT4-fs (sda1): re-mounted. Opts: (null)
         Mounting POSIX Message Queue File System...
[   15.406598] systemd[1]: Mounting Huge Pages File System...
         Mounting Huge Pages File System...
[   15.416810] systemd[1]: Created slice system-serial\x2dgetty.slice.
[[0;32m  OK  [0m] Created slice system-serial\x2dgetty.slice.
[   15.419807] systemd[1]: Mounting Debug File System...
         Mounting Debug File System...
[   15.533651] systemd[1]: Starting Load Kernel Modules...
         Starting Load Kernel Modules...
[   15.556610] systemd[1]: Starting Nameserver information manager...
         Starting Nameserver information manager...
[   15.570391] systemd[1]: Mounted Debug File System.
[   15.621625] Loading iSCI rasprtclass v2.0-870.

[[0;32m  OK  [0m] Mounted Debu[   15.810221] iscsi: registered transport (tcp)
g File System.
[   15.819979] systemd[1]: Mounted POSIX Message Queue File System.
[[0;32m  OK  [0m] Mounted POSIX Message Queue File System.
[   15.843988] systemd[1]: Mounted Huge Pages File System.
[[0;32m  OK  [0m] Mounted Huge Pages File System.
[   15.846110] systemd[1]: Started Journal Service.
[[0;32m  OK  [0m] Started Journal Service.
[[0;32m  OK  [0m] Started Set console keymap.
[[0;32m  OK  [0m] Started Create list of required sta...ce nodes for the current kernel.
[[0;32m  OK  [0m] Started Remount Root and Kernel File Systems.
[[0;32m  OK  [0m] Started Uncomplicated firewall.
[   15.875395] iscsi: registered transport (iser)
[[0;32m  OK  [0m] Started LVM2 metadata daemon.
         Starting udev Coldplug all Devices...
         Starting Initial cloud-init job (pre-networking)...
         Starting Load/Save Random Seed...
         Starting Create Static Device Nodes in /dev...
         Starting Flush Journal to Persistent Storage...
[[0;32m  OK  [0m] Started Load Kernel Modules.
[[0;32m  OK  [0m] Started Nameserver information manager.
[[0;32m  OK  [0m] Started Load/Save Random Seed.
[[0;32m  OK  [0m] Started udev Coldplug all Devices.
[   16.084790] systemd-journald[373]: Received request to flush runtime journal from PID 1
         Starting Apply Kernel Variables...
         Mounting FUSE Control File System...
[[0;32m  OK  [0m] Mounted FUSE Control File System.
[[0;32m  OK  [0m] Started Flush Journal to Persistent Storage.
[[0;32m  OK  [0m] Started Apply Kernel Variables.
[[0;32m  OK  [0m] Started Monitoring of LVM2 mirrors,...ng dmeventd or progress polling.
[[0;32m  OK  [0m] Started Create Static Device Nodes in /dev.
         Starting udev Kernel Device Manager...
[[0;32m  OK  [0m] Started udev Kernel Device Manager.
[[0;32m  OK  [0m] Reached target Local File Systems (Pre).
[[0;32m  OK  [0m] Reached target Local File Systems.
         Starting Tell Plymouth To Write Out Runtime Data...
         Starting Set console font and keymap...
         Starting LSB: AppArmor initialization...
         Starting Create Volatile Files and Directories...
[[0;32m  OK  [0m] Started Dispatch Password Requests to Console Directory Watch.
[[0;32m  OK  [0m] Started Tell Plymouth To Write Out Runtime Data.
[[0;32m  OK  [0m] Found device /dev/ttyS0.
[[0;32m  OK  [0m] Started Create Volatile Files and Directories.
         Starting Update UTMP about System Boot/Shutdown...
[[0;32m  OK  [0m] Found device 82540EM Gigabit Ethern...r (PRO/1000 MT Desktop Adapter).
[[0;32m  OK  [0m] Found device 82540EM Gigabit Ethern...r (PRO/1000 MT Desktop Adapter).
[[0;32m  OK  [0m] Started Update UTMP about System Boot/Shutdown.
[[0;32m  OK  [0m] Started Set console font and keymap.
[[0;32m  OK  [0m] Created slice system-getty.slice.
[[0;32m  OK  [0m] Listening on Load/Save RF Kill Switch Status /dev/rfkill Watch.
[[0;32m  OK  [0m] Started LSB: AppArmor initialization.
[   19.892487] cloud-init[427]: Cloud-init v. 17.2 running 'init-local' at Fri, 20 Apr 2018 11:48:23 +0000. Up 18.98 seconds.
[[0;32m  OK  [0m] Started Initial cloud-init job (pre-networking).
[[0;32m  OK  [0m] Reached target Network (Pre).
         Starting Raise network interfaces...
[[0;32m  OK  [0m] Started ifup for enp0s3.
[[0;32m  OK  [0m] Started ifup for enp0s8.
[[0;32m  OK  [0m] Started Raise network interfaces.
[[0;32m  OK  [0m] Reached target Network.
         Starting Initial cloud-init job (metadata service crawler)...
[   22.540748] cloud-init[1091]: Cloud-init v. 17.2 running 'init' at Fri, 20 Apr 2018 11:48:26 +0000. Up 21.72 seconds.
[[0;32m  OK  [0m] Started Initial cloud-init job (metadata service crawler).
[   22.636601] cloud-init[1091]: ci-info: ++++++++++++++++++++++++++++++++++++++Net device info++++++++++++++++++++++++++++++++++++++
[   22.705575] [cloud-init[0;32m  OK  [0m[1091]: ] ci-info: +--------+------+-----------------------------+---------------+-------+-------------------+Reached target Network is Online.

[   22.708006] cloud-init[1091]: ci-info: | Device |  Up  |           Address           |      Mask     | Scope |     Hw-Address    |
[   22.773982]          cloud-initStarting iSCSI initiator daemon (iscsid)...[1091]: 
ci-info: +--------+------+-----------------------------+---------------+-------+-------------------+
[   22.784501] [cloud-init[0;32m  OK  [0m[1091]: ] ci-info: | enp0s3 | True |          10.0.2.15          | 255.255.255.0 |   .   | 02:39:99:10:d1:5e |Reached target System Initialization.

[[0;32m  OK  [0m] Started Daily Cleanup of Temporary Directories.
         Starting Socket activation for snappy daemon.
[   22.785119] cloud-init[1091]: ci-info: | enp0s3 | True |  fe80::39:99ff:fe10:d15e/64 |       .       |  link | 02:39:99:10:d1:5e |
[   22.945599] [cloud-init[0;32m  OK  [0m[1091]: ] ci-info: | enp0s8 | True |       192.168.200.104       | 255.255.255.0 |   .   | 08:00:27:d3:1d:c8 |Started Timer to automatically refresh installed snaps.

[[0;32m  OK  [0m] Started Daily apt download activities.
[[0;32m  OK  [0m] Listening on D-Bus System Message Bus Socket.
[   22.948578] cloud-init[1091]: ci-info: | enp0s8 | True | fe80::a00:27ff:fed3:1dc8/64 |       .       |  link | 08:00:27:d3:1d:c8 |
[   23.061443] [cloud-init[0;32m  OK  [0m[1091]: ] ci-info: |   lo   | True |          127.0.0.1          |   255.0.0.0   |   .   |         .         |Listening on UUID daemon activation socket.

[   23.063687] [cloud-init[0;32m  OK  [0m[1091]: ] ci-info: |   lo   | True |           ::1/128           |       .       |  host |         .         |Listening on ACPID Listen Socket.

[   23.154738] [cloud-init[0;32m  OK  [0m[1091]: ] ci-info: +--------+------+-----------------------------+---------------+-------+-------------------+Started Daily apt upgrade and clean activities.

[   23.260436]          cloud-initStarting LXD - unix socket.[1091]: 
ci-info: ++++++++++++++++++++++++++++Route IPv4 info+++++++++++++++++++++++++++++
[   23.286319] [cloud-init[0;32m  OK  [0m[1091]: ] ci-info: +-------+---------------+----------+---------------+-----------+-------+Started ACPI Events Check.

[   23.286900] [cloud-init[0;32m  OK  [0m[1091]: ] ci-info: | Route |  Destination  | Gateway  |    Genmask    | Interface | Flags |Reached target Paths.

[   23.302807] [cloud-init[0;32m  OK  [0m[1091]: ] ci-info: +-------+---------------+----------+---------------+-----------+-------+Reached target Timers.

[   23.462880] cloud-init[1091]: ci-info: |   0   |    0.0.0.0    | 10.0.2.2 |    0.0.0.0    |   enp0s3  |   UG  |
[   23.520674] cloud-init[1091]: ci-info: |   1   |    10.0.2.0   | 0.0.0.0  | 255.255.255.0 |   enp0s3  |   U   |
[   23.525810] [cloud-init[0;32m  OK  [0m[1091]: ] ci-info: |   2   | 192.168.200.0 | 0.0.0.0  | 255.255.255.0 |   enp0s8  |   U   |Reached target Cloud-config availability.

[   23.667656] [cloud-init[0;32m  OK  [0m[1091]: ] ci-info: +-------+---------------+----------+---------------+-----------+-------+Listening on Socket activation for snappy daemon.

[[0;32m  OK  [0m] Listening on LXD - unix socket.
[[0;32m  OK  [0m] Started iSCSI initiator daemon (iscsid).
         Starting Login to default iSCSI targets...
[[0;32m  OK  [0m] Reached target Sockets.
[[0;32m  OK  [0m] Reached target Basic System.
         Starting The PHP 7.0 FastCGI Process Manager...
         Starting Snappy daemon...
         Starting LXD - container startup/shutdown...
         Starting Apply the settings specified in cloud-config...
         Starting LSB: Record successful boot for GRUB...
         Starting /etc/rc.local Compatibility...
         Starting Virtualbox guest utils...
[[0;32m  OK  [0m] Started Deferred execution scheduler.
         Starting System Logging Service...
[[0;32m  OK  [0m] Started ACPI event daemon.
         Starting Login Service...
[[0;32m  OK  [0m] Started Unattended Upgrades Shutdown.
         Starting OpenBSD Secure Shell server...
[[0;32m  OK  [0m] Started D-Bus System Message Bus.
[   24.633394] cloud-init[1162]: Cloud-init v. 17.2 running 'modules:config' at Fri, 20 Apr 2018 11:48:28 +0000. Up 24.22 seconds.
         Starting Accounts Service...
[[0;32m  OK  [0m] Started FUSE filesystem for LXC.
[[0;32m  OK  [0m] Started Regular background program processing daemon.
         Starting LSB: MD monitoring daemon...
[[0;32m  OK  [0m] Started System Logging Service.
[[0;32m  OK  [0m] Started Apply the settings specified in cloud-config.
[[0;32m  OK  [0m] Started /etc/rc.local Compatibility.
[[0;32m  OK  [0m] Started Login Service.
[[0;32m  OK  [0m] Started OpenBSD Secure Shell server.
[[0;32m  OK  [0m] Started LSB: Record successful boot for GRUB.
[[0;32m  OK  [0m] Started Login to default iSCSI targets.
[[0;32m  OK  [0m] Reached target Remote File Systems (Pre).
[[0;32m  OK  [0m] Reached target Remote File Systems.
         Starting LSB: automatic crash report generation...
         Starting Permit User Sessions...
         Starting LSB: Start daemon at boot time...
         Starting LSB: Apache2 web server...
         Starting LSB: daemon to balance interrupts for SMP systems...
         Starting puppet.service...
         Starting LSB: Set the CPU Frequency Scaling governor to "ondemand"...
[[0;32m  OK  [0m] Started LSB: MD monitoring daemon.
[[0;32m  OK  [0m] Started Permit User Sessions.
         Starting Terminate Plymouth Boot Screen...
         Starting Hold until boot process finishes up...
[[0;32m  OK  [0m] Started LSB: automatic crash report generation.
[[0;32m  OK  [0m] Started LSB: Set the CPU Frequency Scaling governor to "ondemand".
[[0;32m  OK  [0m] Started Terminate Plymouth Boot Screen.
[[0;32m  OK  [0m] Started Hold until boot process finishes up.
[[0;32m  OK  [0m] Started LSB: daemon to balance interrupts for SMP systems.
[[0;32m  OK  [0m] Started Getty on tty1.
[[0;32m  OK  [0m] Started Serial Getty on ttyS0.
[[0;32m  OK  [0m] Reached target Login Prompts.
         Starting Set console scheme...
[[0;32m  OK  [0m] Started Set console scheme.
[[0;32m  OK  [0m] Started Virtualbox guest utils.
         Starting Authenticate and Authorize Users to Run Privileged Tasks...
[[0;32m  OK  [0m] Created slice User Slice of vagrant.
         Starting User Manager for UID 1000...
[[0;32m  OK  [0m] Started Session 1 of user vagrant.
[[0;32m  OK  [0m] Started Authenticate and Authorize Users to Run Privileged Tasks.
[[0;32m  OK  [0m] Started Accounts Service.
[[0;32m  OK  [0m] Started User Manager for UID 1000.
[[0;32m  OK  [0m] Started Snappy daemon.
[[0;32m  OK  [0m] Started LXD - container startup/shutdown.
[[0;32m  OK  [0m] Started The PHP 7.0 FastCGI Process Manager.
[[0;1;31mFAILED[0m] Failed to start LSB: Apache2 web server.
See 'systemctl status apache2.service' for details.

Ubuntu 16.04.4 LTS ubuntu2 ttyS0

ubuntu2 login: [   37.466409] cloud-init[1701]: Cloud-init v. 17.2 running 'modules:final' at Fri, 20 Apr 2018 11:48:41 +0000. Up 37.26 seconds.
[   37.466978] cloud-init[1701]: Cloud-init v. 17.2 finished at Fri, 20 Apr 2018 11:48:41 +0000. Datasource DataSourceNoCloud [seed=/dev/sdb][dsmode=net].  Up 37.45 seconds
[[0;32m  OK  [0m] Started ACPI event daemon.
[[0;32m  OK  [0m] Stopped LSB: Apache2 web server.
[[0;32m  OK  [0m] Started ACPI event daemon.
[[0;32m  OK  [0m] Started ACPI event daemon.
[[0;32m  OK  [0m] Started ACPI event daemon.
[[0;32m  OK  [0m] Started ACPI event daemon.
[[0;32m  OK  [0m] Started ACPI event daemon.
         Starting LSB: Apache2 web server...
[[0;1;31mFAILED[0m] Failed to start LSB: Apache2 web server.
See 'systemctl status apache2.service' for details.
[[0;32m  OK  [0m] Started Daily apt upgrade and clean activities.
[11002.469641] e1000 0000:00:03.0 enp0s3: Detected Tx Unit Hang
[11002.469641]   Tx Queue             <0>
[11002.469641]   TDH                  <a3>
[11002.469641]   TDT                  <a5>
[11002.469641]   next_to_use          <a5>
[11002.469641]   next_to_clean        <a3>
[11002.469641] buffer_info[next_to_clean]
[11002.469641]   time_stamp           <10028d0ad>
[11002.469641]   next_to_watch        <a4>
[11002.469641]   jiffies              <10028d2ca>
[11002.469641]   next_to_watch.status <0>
[11004.474013] e1000 0000:00:03.0 enp0s3: Detected Tx Unit Hang
[11004.474013]   Tx Queue             <0>
[11004.474013]   TDH                  <a3>
[11004.474013]   TDT                  <a5>
[11004.474013]   next_to_use          <a5>
[11004.474013]   next_to_clean        <a3>
[11004.474013] buffer_info[next_to_clean]
[11004.474013]   time_stamp           <10028d0ad>
[11004.474013]   next_to_watch        <a4>
[11004.474013]   jiffies              <10028d4bf>
[11004.474013]   next_to_watch.status <0>
[11006.477592] e1000 0000:00:03.0 enp0s3: Detected Tx Unit Hang
[11006.477592]   Tx Queue             <0>
[11006.477592]   TDH                  <a3>
[11006.477592]   TDT                  <a5>
[11006.477592]   next_to_use          <a5>
[11006.477592]   next_to_clean        <a3>
[11006.477592] buffer_info[next_to_clean]
[11006.477592]   time_stamp           <10028d0ad>
[11006.477592]   next_to_watch        <a4>
[11006.477592]   jiffies              <10028d6b4>
[11006.477592]   next_to_watch.status <0>
[11006.685712] e1000 0000:00:03.0 enp0s3: Reset adapter
